<?xml version="1.0" encoding="UTF-8"?>
<!-- Generated by org.testng.reporters.JUnitReportReporter -->
<testsuite skipped="0" hostname="DESKTOP-65U18DE" name="com.param.qa.testcases.LoginPageTestcase" tests="1" failures="0" timestamp="11 Jun 2019 08:42:21 GMT" time="43.241" errors="0">
  <testcase name="verifyLoginPageTitle" time="43.241" classname="com.param.qa.testcases.LoginPageTestcase"/>
</testsuite> <!-- com.param.qa.testcases.LoginPageTestcase -->
