<?xml version="1.0" encoding="UTF-8"?>
<!-- Generated by org.testng.reporters.JUnitReportReporter -->
<testsuite skipped="0" hostname="DESKTOP-65U18DE" name="com.param.qa.testcases.HomePageTestcase" tests="1" failures="0" timestamp="07 Jun 2019 13:41:19 GMT" time="36.305" errors="0">
  <testcase name="verifyHomePageTitle" time="36.305" classname="com.param.qa.testcases.HomePageTestcase"/>
</testsuite> <!-- com.param.qa.testcases.HomePageTestcase -->
